#
# There is insufficient memory for the Java Runtime Environment to continue.
# Native memory allocation (malloc) failed to allocate 32744 bytes. Error detail: Chunk::new
# Possible reasons:
#   The system is out of physical RAM or swap space
#   This process is running with CompressedOops enabled, and the Java Heap may be blocking the growth of the native heap
# Possible solutions:
#   Reduce memory load on the system
#   Increase physical memory or swap space
#   Check if swap backing store is full
#   Decrease Java heap size (-Xmx/-Xms)
#   Decrease number of Java threads
#   Decrease Java thread stack sizes (-Xss)
#   Set larger code cache with -XX:ReservedCodeCacheSize=
#   JVM is running with Unscaled Compressed Oops mode in which the Java heap is
#     placed in the first 4GB address space. The Java Heap base address is the
#     maximum limit for the native heap growth. Please use -XX:HeapBaseMinAddress
#     to set the Java Heap base and to place the Java Heap above 4GB virtual address.
# This output file may be truncated or incomplete.
#
#  Out of Memory Error (arena.cpp:168), pid=20344, tid=20464
#
# JRE version: OpenJDK Runtime Environment Temurin-21.0.11+10 (21.0.11+10) (build 21.0.11+10-LTS)
# Java VM: OpenJDK 64-Bit Server VM Temurin-21.0.11+10 (21.0.11+10-LTS, mixed mode, sharing, tiered, compressed oops, compressed class ptrs, g1 gc, windows-amd64)
# No core dump will be written. Minidumps are not enabled by default on client versions of Windows
#

---------------  S U M M A R Y ------------

Command Line: --enable-native-access=ALL-UNNAMED -Dclassworlds.conf=C:\Users\USER\.m2\wrapper\dists\apache-maven-3.9.16\0daed3be3ebd1c706f0e69e8b07c6b73f5cc4ea3dfce72a8d0ec2e849ca2ddb0\bin\m2.conf -Dmaven.home=C:\Users\USER\.m2\wrapper\dists\apache-maven-3.9.16\0daed3be3ebd1c706f0e69e8b07c6b73f5cc4ea3dfce72a8d0ec2e849ca2ddb0 -Dlibrary.jansi.path=C:\Users\USER\.m2\wrapper\dists\apache-maven-3.9.16\0daed3be3ebd1c706f0e69e8b07c6b73f5cc4ea3dfce72a8d0ec2e849ca2ddb0\lib\jansi-native -Dmaven.multiModuleProjectDirectory=D:\4th year subjects\SWST44062 - Enterprise Application Development\assignment\code\product-service\product-service org.codehaus.plexus.classworlds.launcher.Launcher clean install

Host: 11th Gen Intel(R) Core(TM) i3-1115G4 @ 3.00GHz, 4 cores, 3G,  Windows 11 , 64 bit Build 26100 (10.0.26100.8521)
Time: Tue Jun 16 03:59:52 2026 Sri Lanka Standard Time elapsed time: 248.236437 seconds (0d 0h 4m 8s)

---------------  T H R E A D  ---------------

Current thread (0x000001977c0dd920):  JavaThread "C1 CompilerThread0" daemon [_thread_in_native, id=20464, stack(0x0000008235900000,0x0000008235a00000) (1024K)]


Current CompileTask:
C1:248236 7219       3       org.apache.maven.model.building.DefaultModelBuilder::build (1154 bytes)

Stack: [0x0000008235900000,0x0000008235a00000]
Native frames: (J=compiled Java code, j=interpreted, Vv=VM code, C=native code)
V  [jvm.dll+0x6d7e19]
V  [jvm.dll+0x8b5096]
V  [jvm.dll+0x8b764e]
V  [jvm.dll+0x8b7d33]
V  [jvm.dll+0x284596]
V  [jvm.dll+0xc685d]
V  [jvm.dll+0xc6da1]
V  [jvm.dll+0x1668e7]
V  [jvm.dll+0x169859]
V  [jvm.dll+0x169246]
V  [jvm.dll+0x160e10]
V  [jvm.dll+0x1630ad]
V  [jvm.dll+0x1616b6]
V  [jvm.dll+0x15b3f7]
V  [jvm.dll+0x16aec8]
V  [jvm.dll+0x1569e5]
V  [jvm.dll+0x156d32]
V  [jvm.dll+0x156fe4]
V  [jvm.dll+0x1563fc]
V  [jvm.dll+0x15818d]
V  [jvm.dll+0x25baad]
V  [jvm.dll+0x25a03a]
V  [jvm.dll+0x3f868e]
V  [jvm.dll+0x85fb0d]
V  [jvm.dll+0x6d664d]
C  [ucrtbase.dll+0x2cd30]
C  [KERNEL32.DLL+0x2e957]
C  [ntdll.dll+0x87c1c]


---------------  P R O C E S S  ---------------

Threads class SMR info:
_java_thread_list=0x000001977cd3ec30, length=12, elements={
0x000001976dfa4d10, 0x000001977c0970d0, 0x000001977c099950, 0x000001977c09d1d0,
0x000001977c09dd20, 0x000001977c09e870, 0x000001977c09f3c0, 0x000001977c0a3170,
0x000001977c0dd920, 0x000001977c1e7520, 0x000001977c1fc1b0, 0x000001977cddf7b0
}

Java Threads: ( => current thread )
  0x000001976dfa4d10 JavaThread "main"                              [_thread_in_Java, id=9048, stack(0x0000008234a00000,0x0000008234b00000) (1024K)]
  0x000001977c0970d0 JavaThread "Reference Handler"          daemon [_thread_blocked, id=20376, stack(0x0000008235200000,0x0000008235300000) (1024K)]
  0x000001977c099950 JavaThread "Finalizer"                  daemon [_thread_blocked, id=19820, stack(0x0000008235300000,0x0000008235400000) (1024K)]
  0x000001977c09d1d0 JavaThread "Signal Dispatcher"          daemon [_thread_blocked, id=13836, stack(0x0000008235400000,0x0000008235500000) (1024K)]
  0x000001977c09dd20 JavaThread "Attach Listener"            daemon [_thread_blocked, id=19632, stack(0x0000008235500000,0x0000008235600000) (1024K)]
  0x000001977c09e870 JavaThread "Service Thread"             daemon [_thread_blocked, id=20452, stack(0x0000008235600000,0x0000008235700000) (1024K)]
  0x000001977c09f3c0 JavaThread "Monitor Deflation Thread"   daemon [_thread_blocked, id=15276, stack(0x0000008235700000,0x0000008235800000) (1024K)]
  0x000001977c0a3170 JavaThread "C2 CompilerThread0"         daemon [_thread_in_native, id=20460, stack(0x0000008235800000,0x0000008235900000) (1024K)]
=>0x000001977c0dd920 JavaThread "C1 CompilerThread0"         daemon [_thread_in_native, id=20464, stack(0x0000008235900000,0x0000008235a00000) (1024K)]
  0x000001977c1e7520 JavaThread "Notification Thread"        daemon [_thread_blocked, id=3724, stack(0x0000008235a00000,0x0000008235b00000) (1024K)]
  0x000001977c1fc1b0 JavaThread "Common-Cleaner"             daemon [_thread_blocked, id=16636, stack(0x0000008235b00000,0x0000008235c00000) (1024K)]
  0x000001977cddf7b0 JavaThread "Thread-1"                   daemon [_thread_blocked, id=20436, stack(0x0000008235c00000,0x0000008235d00000) (1024K)]
Total: 12

Other Threads:
  0x00000197703e5780 VMThread "VM Thread"                           [id=20024, stack(0x0000008235100000,0x0000008235200000) (1024K)] _threads_hazard_ptr=0x000001977cd3ec30
  0x000001977c07b220 WatcherThread "VM Periodic Task Thread"        [id=20372, stack(0x0000008235000000,0x0000008235100000) (1024K)]
  0x0000019770360370 WorkerThread "GC Thread#0"                     [id=20356, stack(0x0000008234b00000,0x0000008234c00000) (1024K)]
  0x000001977c2bdcf0 WorkerThread "GC Thread#1"                     [id=8496, stack(0x0000008235d00000,0x0000008235e00000) (1024K)]
  0x000001977c533240 WorkerThread "GC Thread#2"                     [id=18772, stack(0x0000008235e00000,0x0000008235f00000) (1024K)]
  0x000001977c5335f0 WorkerThread "GC Thread#3"                     [id=7820, stack(0x0000008235f00000,0x0000008236000000) (1024K)]
  0x0000019770368ae0 ConcurrentGCThread "G1 Main Marker"            [id=19840, stack(0x0000008234c00000,0x0000008234d00000) (1024K)]
  0x000001977036a470 WorkerThread "G1 Conc#0"                       [id=6140, stack(0x0000008234d00000,0x0000008234e00000) (1024K)]
  0x00000197703c0120 ConcurrentGCThread "G1 Refine#0"               [id=20432, stack(0x0000008234e00000,0x0000008234f00000) (1024K)]
  0x00000197703c0ca0 ConcurrentGCThread "G1 Service"                [id=9284, stack(0x0000008234f00000,0x0000008235000000) (1024K)]
Total: 10

Threads with active compile tasks:
C2 CompilerThread0  248467 7220       4       java.util.stream.AbstractPipeline::evaluate (94 bytes)
C1 CompilerThread0  248467 7219       3       org.apache.maven.model.building.DefaultModelBuilder::build (1154 bytes)
Total: 2

VM state: synchronizing (normal execution)

VM Mutex/Monitor currently owned by a thread:  ([mutex/lock_event])
[0x00007ff99c19f570] Threads_lock - owner thread: 0x00000197703e5780

Heap address: 0x00000000c4400000, size: 956 MB, Compressed Oops mode: 32-bit

CDS archive(s) mapped at: [0x000001970f000000-0x000001970fc80000-0x000001970fc80000), size 13107200, SharedBaseAddress: 0x000001970f000000, ArchiveRelocationMode: 1.
Compressed class space mapped at: 0x0000019710000000-0x0000019750000000, reserved size: 1073741824
Narrow klass base: 0x000001970f000000, Narrow klass shift: 0, Narrow klass range: 0x100000000

GC Precious Log:
 CardTable entry size: 512
 Card Set container configuration: InlinePtr #cards 5 size 8 Array Of Cards #cards 12 size 40 Howl #buckets 4 coarsen threshold 1843 Howl Bitmap #cards 512 size 80 coarsen threshold 460 Card regions per heap region 1 cards per card region 2048
 CPUs: 4 total, 4 available
 Memory: 3818M
 Large Page Support: Disabled
 NUMA Support: Disabled
 Compressed Oops: Enabled (32-bit)
 Heap Region Size: 1M
 Heap Min Capacity: 8M
 Heap Initial Capacity: 60M
 Heap Max Capacity: 956M
 Pre-touch: Disabled
 Parallel Workers: 4
 Concurrent Workers: 1
 Concurrent Refinement Workers: 4
 Periodic GC: Disabled

Heap:
 garbage-first heap   total 228352K, used 79792K [0x00000000c4400000, 0x0000000100000000)
  region size 1024K, 18 young (18432K), 1 survivors (1024K)
 Metaspace       used 31753K, committed 32256K, reserved 1114112K
  class space    used 3667K, committed 3904K, reserved 1048576K

Heap Regions: E=young(eden), S=young(survivor), O=old, HS=humongous(starts), HC=humongous(continues), CS=collection set, F=free, TAMS=top-at-mark-start, PB=parsable bottom
|   0|0x00000000c4400000, 0x00000000c4500000, 0x00000000c4500000|100%| O|  |TAMS 0x00000000c4400000| PB 0x00000000c4400000| Untracked 
|   1|0x00000000c4500000, 0x00000000c4600000, 0x00000000c4600000|100%| O|  |TAMS 0x00000000c4500000| PB 0x00000000c4500000| Untracked 
|   2|0x00000000c4600000, 0x00000000c4700000, 0x00000000c4700000|100%| O|  |TAMS 0x00000000c4600000| PB 0x00000000c4600000| Untracked 
|   3|0x00000000c4700000, 0x00000000c4800000, 0x00000000c4800000|100%| O|  |TAMS 0x00000000c4700000| PB 0x00000000c4700000| Untracked 
|   4|0x00000000c4800000, 0x00000000c4900000, 0x00000000c4900000|100%| O|  |TAMS 0x00000000c4800000| PB 0x00000000c4800000| Untracked 
|   5|0x00000000c4900000, 0x00000000c4a00000, 0x00000000c4a00000|100%| O|  |TAMS 0x00000000c4900000| PB 0x00000000c4900000| Untracked 
|   6|0x00000000c4a00000, 0x00000000c4b00000, 0x00000000c4b00000|100%| O|  |TAMS 0x00000000c4a00000| PB 0x00000000c4a00000| Untracked 
|   7|0x00000000c4b00000, 0x00000000c4c00000, 0x00000000c4c00000|100%| O|  |TAMS 0x00000000c4b00000| PB 0x00000000c4b00000| Untracked 
|   8|0x00000000c4c00000, 0x00000000c4d00000, 0x00000000c4d00000|100%| O|  |TAMS 0x00000000c4c00000| PB 0x00000000c4c00000| Untracked 
|   9|0x00000000c4d00000, 0x00000000c4e00000, 0x00000000c4e00000|100%| O|  |TAMS 0x00000000c4d00000| PB 0x00000000c4d00000| Untracked 
|  10|0x00000000c4e00000, 0x00000000c4f00000, 0x00000000c4f00000|100%| O|  |TAMS 0x00000000c4e00000| PB 0x00000000c4e00000| Untracked 
|  11|0x00000000c4f00000, 0x00000000c5000000, 0x00000000c5000000|100%| O|  |TAMS 0x00000000c4f00000| PB 0x00000000c4f00000| Untracked 
|  12|0x00000000c5000000, 0x00000000c5100000, 0x00000000c5100000|100%| O|  |TAMS 0x00000000c5000000| PB 0x00000000c5000000| Untracked 
|  13|0x00000000c5100000, 0x00000000c5200000, 0x00000000c5200000|100%| O|  |TAMS 0x00000000c5100000| PB 0x00000000c5100000| Untracked 
|  14|0x00000000c5200000, 0x00000000c5300000, 0x00000000c5300000|100%|HS|  |TAMS 0x00000000c5200000| PB 0x00000000c5200000| Complete 
|  15|0x00000000c5300000, 0x00000000c5400000, 0x00000000c5400000|100%| O|  |TAMS 0x00000000c5300000| PB 0x00000000c5300000| Untracked 
|  16|0x00000000c5400000, 0x00000000c5500000, 0x00000000c5500000|100%|HS|  |TAMS 0x00000000c5400000| PB 0x00000000c5400000| Complete 
|  17|0x00000000c5500000, 0x00000000c5600000, 0x00000000c5600000|100%|HC|  |TAMS 0x00000000c5500000| PB 0x00000000c5500000| Complete 
|  18|0x00000000c5600000, 0x00000000c5700000, 0x00000000c5700000|100%| O|  |TAMS 0x00000000c5600000| PB 0x00000000c5600000| Untracked 
|  19|0x00000000c5700000, 0x00000000c5800000, 0x00000000c5800000|100%| O|  |TAMS 0x00000000c5700000| PB 0x00000000c5700000| Untracked 
|  20|0x00000000c5800000, 0x00000000c5900000, 0x00000000c5900000|100%| O|  |TAMS 0x00000000c5800000| PB 0x00000000c5800000| Untracked 
|  21|0x00000000c5900000, 0x00000000c5a00000, 0x00000000c5a00000|100%| O|  |TAMS 0x00000000c5900000| PB 0x00000000c5900000| Untracked 
|  22|0x00000000c5a00000, 0x00000000c5b00000, 0x00000000c5b00000|100%| O|  |TAMS 0x00000000c5a00000| PB 0x00000000c5a00000| Untracked 
|  23|0x00000000c5b00000, 0x00000000c5c00000, 0x00000000c5c00000|100%| O|  |TAMS 0x00000000c5b00000| PB 0x00000000c5b00000| Untracked 
|  24|0x00000000c5c00000, 0x00000000c5d00000, 0x00000000c5d00000|100%| O|  |TAMS 0x00000000c5c00000| PB 0x00000000c5c00000| Untracked 
|  25|0x00000000c5d00000, 0x00000000c5e00000, 0x00000000c5e00000|100%| O|  |TAMS 0x00000000c5d00000| PB 0x00000000c5d00000| Untracked 
|  26|0x00000000c5e00000, 0x00000000c5f00000, 0x00000000c5f00000|100%| O|  |TAMS 0x00000000c5e00000| PB 0x00000000c5e00000| Untracked 
|  27|0x00000000c5f00000, 0x00000000c6000000, 0x00000000c6000000|100%| O|  |TAMS 0x00000000c5f00000| PB 0x00000000c5f00000| Untracked 
|  28|0x00000000c6000000, 0x00000000c6100000, 0x00000000c6100000|100%| O|  |TAMS 0x00000000c6000000| PB 0x00000000c6000000| Untracked 
|  29|0x00000000c6100000, 0x00000000c6200000, 0x00000000c6200000|100%| O|  |TAMS 0x00000000c6100000| PB 0x00000000c6100000| Untracked 
|  30|0x00000000c6200000, 0x00000000c6300000, 0x00000000c6300000|100%| O|  |TAMS 0x00000000c6200000| PB 0x00000000c6200000| Untracked 
|  31|0x00000000c6300000, 0x00000000c6400000, 0x00000000c6400000|100%| O|  |TAMS 0x00000000c6300000| PB 0x00000000c6300000| Untracked 
|  32|0x00000000c6400000, 0x00000000c6500000, 0x00000000c6500000|100%| O|  |TAMS 0x00000000c6400000| PB 0x00000000c6400000| Untracked 
|  33|0x00000000c6500000, 0x00000000c6600000, 0x00000000c6600000|100%| O|  |TAMS 0x00000000c6500000| PB 0x00000000c6500000| Untracked 
|  34|0x00000000c6600000, 0x00000000c6700000, 0x00000000c6700000|100%| O|  |TAMS 0x00000000c6600000| PB 0x00000000c6600000| Untracked 
|  35|0x00000000c6700000, 0x00000000c6800000, 0x00000000c6800000|100%| O|  |TAMS 0x00000000c6700000| PB 0x00000000c6700000| Untracked 
|  36|0x00000000c6800000, 0x00000000c6900000, 0x00000000c6900000|100%|HS|  |TAMS 0x00000000c6800000| PB 0x00000000c6800000| Complete 
|  37|0x00000000c6900000, 0x00000000c6a00000, 0x00000000c6a00000|100%|HC|  |TAMS 0x00000000c6900000| PB 0x00000000c6900000| Complete 
|  38|0x00000000c6a00000, 0x00000000c6b00000, 0x00000000c6b00000|100%| O|  |TAMS 0x00000000c6a00000| PB 0x00000000c6a00000| Untracked 
|  39|0x00000000c6b00000, 0x00000000c6c00000, 0x00000000c6c00000|100%| O|  |TAMS 0x00000000c6b00000| PB 0x00000000c6b00000| Untracked 
|  40|0x00000000c6c00000, 0x00000000c6d00000, 0x00000000c6d00000|100%|HS|  |TAMS 0x00000000c6c00000| PB 0x00000000c6c00000| Complete 
|  41|0x00000000c6d00000, 0x00000000c6e00000, 0x00000000c6e00000|100%|HS|  |TAMS 0x00000000c6d00000| PB 0x00000000c6d00000| Complete 
|  42|0x00000000c6e00000, 0x00000000c6f00000, 0x00000000c6f00000|100%| O|  |TAMS 0x00000000c6e00000| PB 0x00000000c6e00000| Untracked 
|  43|0x00000000c6f00000, 0x00000000c7000000, 0x00000000c7000000|100%| O|  |TAMS 0x00000000c6f00000| PB 0x00000000c6f00000| Untracked 
|  44|0x00000000c7000000, 0x00000000c7100000, 0x00000000c7100000|100%| O|  |TAMS 0x00000000c7000000| PB 0x00000000c7000000| Untracked 
|  45|0x00000000c7100000, 0x00000000c7200000, 0x00000000c7200000|100%| O|  |TAMS 0x00000000c7100000| PB 0x00000000c7100000| Untracked 
|  46|0x00000000c7200000, 0x00000000c7300000, 0x00000000c7300000|100%| O|  |TAMS 0x00000000c7200000| PB 0x00000000c7200000| Untracked 
|  47|0x00000000c7300000, 0x00000000c7400000, 0x00000000c7400000|100%| O|  |TAMS 0x00000000c7300000| PB 0x00000000c7300000| Untracked 
|  48|0x00000000c7400000, 0x00000000c7500000, 0x00000000c7500000|100%| O|  |TAMS 0x00000000c7400000| PB 0x00000000c7400000| Untracked 
|  49|0x00000000c7500000, 0x00000000c7600000, 0x00000000c7600000|100%| O|  |TAMS 0x00000000c7500000| PB 0x00000000c7500000| Untracked 
|  50|0x00000000c7600000, 0x00000000c7700000, 0x00000000c7700000|100%| O|  |TAMS 0x00000000c7600000| PB 0x00000000c7600000| Untracked 
|  51|0x00000000c7700000, 0x00000000c7800000, 0x00000000c7800000|100%| O|  |TAMS 0x00000000c7700000| PB 0x00000000c7700000| Untracked 
|  52|0x00000000c7800000, 0x00000000c7900000, 0x00000000c7900000|100%| O|  |TAMS 0x00000000c7800000| PB 0x00000000c7800000| Untracked 
|  53|0x00000000c7900000, 0x00000000c7a00000, 0x00000000c7a00000|100%| O|  |TAMS 0x00000000c7900000| PB 0x00000000c7900000| Untracked 
|  54|0x00000000c7a00000, 0x00000000c7b00000, 0x00000000c7b00000|100%| O|  |TAMS 0x00000000c7a00000| PB 0x00000000c7a00000| Untracked 
|  55|0x00000000c7b00000, 0x00000000c7c00000, 0x00000000c7c00000|100%| O|  |TAMS 0x00000000c7b00000| PB 0x00000000c7b00000| Untracked 
|  56|0x00000000c7c00000, 0x00000000c7d00000, 0x00000000c7d00000|100%| O|  |TAMS 0x00000000c7c00000| PB 0x00000000c7c00000| Untracked 
|  57|0x00000000c7d00000, 0x00000000c7e00000, 0x00000000c7e00000|100%| O|  |TAMS 0x00000000c7d00000| PB 0x00000000c7d00000| Untracked 
|  58|0x00000000c7e00000, 0x00000000c7f00000, 0x00000000c7f00000|100%| O|  |TAMS 0x00000000c7e00000| PB 0x00000000c7e00000| Untracked 
|  59|0x00000000c7f00000, 0x00000000c8000000, 0x00000000c8000000|100%| O|  |TAMS 0x00000000c7f00000| PB 0x00000000c7f00000| Untracked 
|  60|0x00000000c8000000, 0x00000000c8000000, 0x00000000c8100000|  0%| F|  |TAMS 0x00000000c8000000| PB 0x00000000c8000000| Untracked 
|  61|0x00000000c8100000, 0x00000000c8100000, 0x00000000c8200000|  0%| F|  |TAMS 0x00000000c8100000| PB 0x00000000c8100000| Untracked 
|  62|0x00000000c8200000, 0x00000000c8200000, 0x00000000c8300000|  0%| F|  |TAMS 0x00000000c8200000| PB 0x00000000c8200000| Untracked 
|  63|0x00000000c8300000, 0x00000000c8300000, 0x00000000c8400000|  0%| F|  |TAMS 0x00000000c8300000| PB 0x00000000c8300000| Untracked 
|  64|0x00000000c8400000, 0x00000000c8400000, 0x00000000c8500000|  0%| F|  |TAMS 0x00000000c8400000| PB 0x00000000c8400000| Untracked 
|  65|0x00000000c8500000, 0x00000000c8500000, 0x00000000c8600000|  0%| F|  |TAMS 0x00000000c8500000| PB 0x00000000c8500000| Untracked 
|  66|0x00000000c8600000, 0x00000000c8600000, 0x00000000c8700000|  0%| F|  |TAMS 0x00000000c8600000| PB 0x00000000c8600000| Untracked 
|  67|0x00000000c8700000, 0x00000000c8700000, 0x00000000c8800000|  0%| F|  |TAMS 0x00000000c8700000| PB 0x00000000c8700000| Untracked 
|  68|0x00000000c8800000, 0x00000000c8800000, 0x00000000c8900000|  0%| F|  |TAMS 0x00000000c8800000| PB 0x00000000c8800000| Untracked 
|  69|0x00000000c8900000, 0x00000000c8900000, 0x00000000c8a00000|  0%| F|  |TAMS 0x00000000c8900000| PB 0x00000000c8900000| Untracked 
|  70|0x00000000c8a00000, 0x00000000c8a00000, 0x00000000c8b00000|  0%| F|  |TAMS 0x00000000c8a00000| PB 0x00000000c8a00000| Untracked 
|  71|0x00000000c8b00000, 0x00000000c8b00000, 0x00000000c8c00000|  0%| F|  |TAMS 0x00000000c8b00000| PB 0x00000000c8b00000| Untracked 
|  72|0x00000000c8c00000, 0x00000000c8c00000, 0x00000000c8d00000|  0%| F|  |TAMS 0x00000000c8c00000| PB 0x00000000c8c00000| Untracked 
|  73|0x00000000c8d00000, 0x00000000c8d00000, 0x00000000c8e00000|  0%| F|  |TAMS 0x00000000c8d00000| PB 0x00000000c8d00000| Untracked 
|  74|0x00000000c8e00000, 0x00000000c8e00000, 0x00000000c8f00000|  0%| F|  |TAMS 0x00000000c8e00000| PB 0x00000000c8e00000| Untracked 
|  75|0x00000000c8f00000, 0x00000000c8f00000, 0x00000000c9000000|  0%| F|  |TAMS 0x00000000c8f00000| PB 0x00000000c8f00000| Untracked 
|  76|0x00000000c9000000, 0x00000000c9000000, 0x00000000c9100000|  0%| F|  |TAMS 0x00000000c9000000| PB 0x00000000c9000000| Untracked 
|  77|0x00000000c9100000, 0x00000000c9100000, 0x00000000c9200000|  0%| F|  |TAMS 0x00000000c9100000| PB 0x00000000c9100000| Untracked 
|  78|0x00000000c9200000, 0x00000000c9200000, 0x00000000c9300000|  0%| F|  |TAMS 0x00000000c9200000| PB 0x00000000c9200000| Untracked 
|  79|0x00000000c9300000, 0x00000000c9300000, 0x00000000c9400000|  0%| F|  |TAMS 0x00000000c9300000| PB 0x00000000c9300000| Untracked 
|  80|0x00000000c9400000, 0x00000000c9400000, 0x00000000c9500000|  0%| F|  |TAMS 0x00000000c9400000| PB 0x00000000c9400000| Untracked 
|  81|0x00000000c9500000, 0x00000000c9500000, 0x00000000c9600000|  0%| F|  |TAMS 0x00000000c9500000| PB 0x00000000c9500000| Untracked 
|  82|0x00000000c9600000, 0x00000000c9600000, 0x00000000c9700000|  0%| F|  |TAMS 0x00000000c9600000| PB 0x00000000c9600000| Untracked 
|  83|0x00000000c9700000, 0x00000000c9700000, 0x00000000c9800000|  0%| F|  |TAMS 0x00000000c9700000| PB 0x00000000c9700000| Untracked 
|  84|0x00000000c9800000, 0x00000000c9800000, 0x00000000c9900000|  0%| F|  |TAMS 0x00000000c9800000| PB 0x00000000c9800000| Untracked 
|  85|0x00000000c9900000, 0x00000000c9900000, 0x00000000c9a00000|  0%| F|  |TAMS 0x00000000c9900000| PB 0x00000000c9900000| Untracked 
|  86|0x00000000c9a00000, 0x00000000c9a00000, 0x00000000c9b00000|  0%| F|  |TAMS 0x00000000c9a00000| PB 0x00000000c9a00000| Untracked 
|  87|0x00000000c9b00000, 0x00000000c9b00000, 0x00000000c9c00000|  0%| F|  |TAMS 0x00000000c9b00000| PB 0x00000000c9b00000| Untracked 
|  88|0x00000000c9c00000, 0x00000000c9c00000, 0x00000000c9d00000|  0%| F|  |TAMS 0x00000000c9c00000| PB 0x00000000c9c00000| Untracked 
|  89|0x00000000c9d00000, 0x00000000c9d00000, 0x00000000c9e00000|  0%| F|  |TAMS 0x00000000c9d00000| PB 0x00000000c9d00000| Untracked 
|  90|0x00000000c9e00000, 0x00000000c9e00000, 0x00000000c9f00000|  0%| F|  |TAMS 0x00000000c9e00000| PB 0x00000000c9e00000| Untracked 
|  91|0x00000000c9f00000, 0x00000000c9f00000, 0x00000000ca000000|  0%| F|  |TAMS 0x00000000c9f00000| PB 0x00000000c9f00000| Untracked 
|  92|0x00000000ca000000, 0x00000000ca000000, 0x00000000ca100000|  0%| F|  |TAMS 0x00000000ca000000| PB 0x00000000ca000000| Untracked 
|  93|0x00000000ca100000, 0x00000000ca100000, 0x00000000ca200000|  0%| F|  |TAMS 0x00000000ca100000| PB 0x00000000ca100000| Untracked 
|  94|0x00000000ca200000, 0x00000000ca200000, 0x00000000ca300000|  0%| F|  |TAMS 0x00000000ca200000| PB 0x00000000ca200000| Untracked 
|  95|0x00000000ca300000, 0x00000000ca300000, 0x00000000ca400000|  0%| F|  |TAMS 0x00000000ca300000| PB 0x00000000ca300000| Untracked 
|  96|0x00000000ca400000, 0x00000000ca400000, 0x00000000ca500000|  0%| F|  |TAMS 0x00000000ca400000| PB 0x00000000ca400000| Untracked 
|  97|0x00000000ca500000, 0x00000000ca500000, 0x00000000ca600000|  0%| F|  |TAMS 0x00000000ca500000| PB 0x00000000ca500000| Untracked 
|  98|0x00000000ca600000, 0x00000000ca600000, 0x00000000ca700000|  0%| F|  |TAMS 0x00000000ca600000| PB 0x00000000ca600000| Untracked 
|  99|0x00000000ca700000, 0x00000000ca700000, 0x00000000ca800000|  0%| F|  |TAMS 0x00000000ca700000| PB 0x00000000ca700000| Untracked 
| 100|0x00000000ca800000, 0x00000000ca800000, 0x00000000ca900000|  0%| F|  |TAMS 0x00000000ca800000| PB 0x00000000ca800000| Untracked 
| 101|0x00000000ca900000, 0x00000000ca900000, 0x00000000caa00000|  0%| F|  |TAMS 0x00000000ca900000| PB 0x00000000ca900000| Untracked 
| 102|0x00000000caa00000, 0x00000000caa00000, 0x00000000cab00000|  0%| F|  |TAMS 0x00000000caa00000| PB 0x00000000caa00000| Untracked 
| 103|0x00000000cab00000, 0x00000000cab00000, 0x00000000cac00000|  0%| F|  |TAMS 0x00000000cab00000| PB 0x00000000cab00000| Untracked 
| 104|0x00000000cac00000, 0x00000000cac00000, 0x00000000cad00000|  0%| F|  |TAMS 0x00000000cac00000| PB 0x00000000cac00000| Untracked 
| 105|0x00000000cad00000, 0x00000000cad00000, 0x00000000cae00000|  0%| F|  |TAMS 0x00000000cad00000| PB 0x00000000cad00000| Untracked 
| 106|0x00000000cae00000, 0x00000000cae00000, 0x00000000caf00000|  0%| F|  |TAMS 0x00000000cae00000| PB 0x00000000cae00000| Untracked 
| 107|0x00000000caf00000, 0x00000000caf00000, 0x00000000cb000000|  0%| F|  |TAMS 0x00000000caf00000| PB 0x00000000caf00000| Untracked 
| 108|0x00000000cb000000, 0x00000000cb000000, 0x00000000cb100000|  0%| F|  |TAMS 0x00000000cb000000| PB 0x00000000cb000000| Untracked 
| 109|0x00000000cb100000, 0x00000000cb100000, 0x00000000cb200000|  0%| F|  |TAMS 0x00000000cb100000| PB 0x00000000cb100000| Untracked 
| 110|0x00000000cb200000, 0x00000000cb200000, 0x00000000cb300000|  0%| F|  |TAMS 0x00000000cb200000| PB 0x00000000cb200000| Untracked 
| 111|0x00000000cb300000, 0x00000000cb300000, 0x00000000cb400000|  0%| F|  |TAMS 0x00000000cb300000| PB 0x00000000cb300000| Untracked 
| 112|0x00000000cb400000, 0x00000000cb400000, 0x00000000cb500000|  0%| F|  |TAMS 0x00000000cb400000| PB 0x00000000cb400000| Untracked 
| 113|0x00000000cb500000, 0x00000000cb500000, 0x00000000cb600000|  0%| F|  |TAMS 0x00000000cb500000| PB 0x00000000cb500000| Untracked 
| 114|0x00000000cb600000, 0x00000000cb600000, 0x00000000cb700000|  0%| F|  |TAMS 0x00000000cb600000| PB 0x00000000cb600000| Untracked 
| 115|0x00000000cb700000, 0x00000000cb700000, 0x00000000cb800000|  0%| F|  |TAMS 0x00000000cb700000| PB 0x00000000cb700000| Untracked 
| 116|0x00000000cb800000, 0x00000000cb800000, 0x00000000cb900000|  0%| F|  |TAMS 0x00000000cb800000| PB 0x00000000cb800000| Untracked 
| 117|0x00000000cb900000, 0x00000000cb900000, 0x00000000cba00000|  0%| F|  |TAMS 0x00000000cb900000| PB 0x00000000cb900000| Untracked 
| 118|0x00000000cba00000, 0x00000000cba00000, 0x00000000cbb00000|  0%| F|  |TAMS 0x00000000cba00000| PB 0x00000000cba00000| Untracked 
| 119|0x00000000cbb00000, 0x00000000cbb00000, 0x00000000cbc00000|  0%| F|  |TAMS 0x00000000cbb00000| PB 0x00000000cbb00000| Untracked 
| 120|0x00000000cbc00000, 0x00000000cbc00000, 0x00000000cbd00000|  0%| F|  |TAMS 0x00000000cbc00000| PB 0x00000000cbc00000| Untracked 
| 121|0x00000000cbd00000, 0x00000000cbd00000, 0x00000000cbe00000|  0%| F|  |TAMS 0x00000000cbd00000| PB 0x00000000cbd00000| Untracked 
| 122|0x00000000cbe00000, 0x00000000cbe00000, 0x00000000cbf00000|  0%| F|  |TAMS 0x00000000cbe00000| PB 0x00000000cbe00000| Untracked 
| 123|0x00000000cbf00000, 0x00000000cbf00000, 0x00000000cc000000|  0%| F|  |TAMS 0x00000000cbf00000| PB 0x00000000cbf00000| Untracked 
| 124|0x00000000cc000000, 0x00000000cc000000, 0x00000000cc100000|  0%| F|  |TAMS 0x00000000cc000000| PB 0x00000000cc000000| Untracked 
| 125|0x00000000cc100000, 0x00000000cc100000, 0x00000000cc200000|  0%| F|  |TAMS 0x00000000cc100000| PB 0x00000000cc100000| Untracked 
| 126|0x00000000cc200000, 0x00000000cc200000, 0x00000000cc300000|  0%| F|  |TAMS 0x00000000cc200000| PB 0x00000000cc200000| Untracked 
| 127|0x00000000cc300000, 0x00000000cc300000, 0x00000000cc400000|  0%| F|  |TAMS 0x00000000cc300000| PB 0x00000000cc300000| Untracked 
| 128|0x00000000cc400000, 0x00000000cc400000, 0x00000000cc500000|  0%| F|  |TAMS 0x00000000cc400000| PB 0x00000000cc400000| Untracked 
| 129|0x00000000cc500000, 0x00000000cc500000, 0x00000000cc600000|  0%| F|  |TAMS 0x00000000cc500000| PB 0x00000000cc500000| Untracked 
| 130|0x00000000cc600000, 0x00000000cc600000, 0x00000000cc700000|  0%| F|  |TAMS 0x00000000cc600000| PB 0x00000000cc600000| Untracked 
| 131|0x00000000cc700000, 0x00000000cc700000, 0x00000000cc800000|  0%| F|  |TAMS 0x00000000cc700000| PB 0x00000000cc700000| Untracked 
| 132|0x00000000cc800000, 0x00000000cc800000, 0x00000000cc900000|  0%| F|  |TAMS 0x00000000cc800000| PB 0x00000000cc800000| Untracked 
| 133|0x00000000cc900000, 0x00000000cc900000, 0x00000000cca00000|  0%| F|  |TAMS 0x00000000cc900000| PB 0x00000000cc900000| Untracked 
| 134|0x00000000cca00000, 0x00000000cca00000, 0x00000000ccb00000|  0%| F|  |TAMS 0x00000000cca00000| PB 0x00000000cca00000| Untracked 
| 135|0x00000000ccb00000, 0x00000000ccb00000, 0x00000000ccc00000|  0%| F|  |TAMS 0x00000000ccb00000| PB 0x00000000ccb00000| Untracked 
| 136|0x00000000ccc00000, 0x00000000ccc00000, 0x00000000ccd00000|  0%| F|  |TAMS 0x00000000ccc00000| PB 0x00000000ccc00000| Untracked 
| 137|0x00000000ccd00000, 0x00000000ccd00000, 0x00000000cce00000|  0%| F|  |TAMS 0x00000000ccd00000| PB 0x00000000ccd00000| Untracked 
| 138|0x00000000cce00000, 0x00000000cce00000, 0x00000000ccf00000|  0%| F|  |TAMS 0x00000000cce00000| PB 0x00000000cce00000| Untracked 
| 139|0x00000000ccf00000, 0x00000000ccf00000, 0x00000000cd000000|  0%| F|  |TAMS 0x00000000ccf00000| PB 0x00000000ccf00000| Untracked 
| 140|0x00000000cd000000, 0x00000000cd000000, 0x00000000cd100000|  0%| F|  |TAMS 0x00000000cd000000| PB 0x00000000cd000000| Untracked 
| 141|0x00000000cd100000, 0x00000000cd100000, 0x00000000cd200000|  0%| F|  |TAMS 0x00000000cd100000| PB 0x00000000cd100000| Untracked 
| 142|0x00000000cd200000, 0x00000000cd200000, 0x00000000cd300000|  0%| F|  |TAMS 0x00000000cd200000| PB 0x00000000cd200000| Untracked 
| 143|0x00000000cd300000, 0x00000000cd300000, 0x00000000cd400000|  0%| F|  |TAMS 0x00000000cd300000| PB 0x00000000cd300000| Untracked 
| 144|0x00000000cd400000, 0x00000000cd400000, 0x00000000cd500000|  0%| F|  |TAMS 0x00000000cd400000| PB 0x00000000cd400000| Untracked 
| 145|0x00000000cd500000, 0x00000000cd500000, 0x00000000cd600000|  0%| F|  |TAMS 0x00000000cd500000| PB 0x00000000cd500000| Untracked 
| 146|0x00000000cd600000, 0x00000000cd600000, 0x00000000cd700000|  0%| F|  |TAMS 0x00000000cd600000| PB 0x00000000cd600000| Untracked 
| 147|0x00000000cd700000, 0x00000000cd700000, 0x00000000cd800000|  0%| F|  |TAMS 0x00000000cd700000| PB 0x00000000cd700000| Untracked 
| 148|0x00000000cd800000, 0x00000000cd800000, 0x00000000cd900000|  0%| F|  |TAMS 0x00000000cd800000| PB 0x00000000cd800000| Untracked 
| 149|0x00000000cd900000, 0x00000000cd900000, 0x00000000cda00000|  0%| F|  |TAMS 0x00000000cd900000| PB 0x00000000cd900000| Untracked 
| 150|0x00000000cda00000, 0x00000000cda00000, 0x00000000cdb00000|  0%| F|  |TAMS 0x00000000cda00000| PB 0x00000000cda00000| Untracked 
| 151|0x00000000cdb00000, 0x00000000cdb00000, 0x00000000cdc00000|  0%| F|  |TAMS 0x00000000cdb00000| PB 0x00000000cdb00000| Untracked 
| 152|0x00000000cdc00000, 0x00000000cdc00000, 0x00000000cdd00000|  0%| F|  |TAMS 0x00000000cdc00000| PB 0x00000000cdc00000| Untracked 
| 153|0x00000000cdd00000, 0x00000000cdd00000, 0x00000000cde00000|  0%| F|  |TAMS 0x00000000cdd00000| PB 0x00000000cdd00000| Untracked 
| 154|0x00000000cde00000, 0x00000000cde00000, 0x00000000cdf00000|  0%| F|  |TAMS 0x00000000cde00000| PB 0x00000000cde00000| Untracked 
| 155|0x00000000cdf00000, 0x00000000cdf00000, 0x00000000ce000000|  0%| F|  |TAMS 0x00000000cdf00000| PB 0x00000000cdf00000| Untracked 
| 156|0x00000000ce000000, 0x00000000ce000000, 0x00000000ce100000|  0%| F|  |TAMS 0x00000000ce000000| PB 0x00000000ce000000| Untracked 
| 157|0x00000000ce100000, 0x00000000ce100000, 0x00000000ce200000|  0%| F|  |TAMS 0x00000000ce100000| PB 0x00000000ce100000| Untracked 
| 158|0x00000000ce200000, 0x00000000ce200000, 0x00000000ce300000|  0%| F|  |TAMS 0x00000000ce200000| PB 0x00000000ce200000| Untracked 
| 159|0x00000000ce300000, 0x00000000ce300000, 0x00000000ce400000|  0%| F|  |TAMS 0x00000000ce300000| PB 0x00000000ce300000| Untracked 
| 160|0x00000000ce400000, 0x00000000ce400000, 0x00000000ce500000|  0%| F|  |TAMS 0x00000000ce400000| PB 0x00000000ce400000| Untracked 
| 161|0x00000000ce500000, 0x00000000ce500000, 0x00000000ce600000|  0%| F|  |TAMS 0x00000000ce500000| PB 0x00000000ce500000| Untracked 
| 162|0x00000000ce600000, 0x00000000ce600000, 0x00000000ce700000|  0%| F|  |TAMS 0x00000000ce600000| PB 0x00000000ce600000| Untracked 
| 163|0x00000000ce700000, 0x00000000ce700000, 0x00000000ce800000|  0%| F|  |TAMS 0x00000000ce700000| PB 0x00000000ce700000| Untracked 
| 164|0x00000000ce800000, 0x00000000ce800000, 0x00000000ce900000|  0%| F|  |TAMS 0x00000000ce800000| PB 0x00000000ce800000| Untracked 
| 165|0x00000000ce900000, 0x00000000ce900000, 0x00000000cea00000|  0%| F|  |TAMS 0x00000000ce900000| PB 0x00000000ce900000| Untracked 
| 166|0x00000000cea00000, 0x00000000cea00000, 0x00000000ceb00000|  0%| F|  |TAMS 0x00000000cea00000| PB 0x00000000cea00000| Untracked 
| 167|0x00000000ceb00000, 0x00000000ceb00000, 0x00000000cec00000|  0%| F|  |TAMS 0x00000000ceb00000| PB 0x00000000ceb00000| Untracked 
| 168|0x00000000cec00000, 0x00000000cec00000, 0x00000000ced00000|  0%| F|  |TAMS 0x00000000cec00000| PB 0x00000000cec00000| Untracked 
| 169|0x00000000ced00000, 0x00000000ced00000, 0x00000000cee00000|  0%| F|  |TAMS 0x00000000ced00000| PB 0x00000000ced00000| Untracked 
| 170|0x00000000cee00000, 0x00000000cee00000, 0x00000000cef00000|  0%| F|  |TAMS 0x00000000cee00000| PB 0x00000000cee00000| Untracked 
| 171|0x00000000cef00000, 0x00000000cef00000, 0x00000000cf000000|  0%| F|  |TAMS 0x00000000cef00000| PB 0x00000000cef00000| Untracked 
| 172|0x00000000cf000000, 0x00000000cf000000, 0x00000000cf100000|  0%| F|  |TAMS 0x00000000cf000000| PB 0x00000000cf000000| Untracked 
| 173|0x00000000cf100000, 0x00000000cf100000, 0x00000000cf200000|  0%| F|  |TAMS 0x00000000cf100000| PB 0x00000000cf100000| Untracked 
| 174|0x00000000cf200000, 0x00000000cf200000, 0x00000000cf300000|  0%| F|  |TAMS 0x00000000cf200000| PB 0x00000000cf200000| Untracked 
| 175|0x00000000cf300000, 0x00000000cf300000, 0x00000000cf400000|  0%| F|  |TAMS 0x00000000cf300000| PB 0x00000000cf300000| Untracked 
| 176|0x00000000cf400000, 0x00000000cf400000, 0x00000000cf500000|  0%| F|  |TAMS 0x00000000cf400000| PB 0x00000000cf400000| Untracked 
| 177|0x00000000cf500000, 0x00000000cf500000, 0x00000000cf600000|  0%| F|  |TAMS 0x00000000cf500000| PB 0x00000000cf500000| Untracked 
| 178|0x00000000cf600000, 0x00000000cf600000, 0x00000000cf700000|  0%| F|  |TAMS 0x00000000cf600000| PB 0x00000000cf600000| Untracked 
| 179|0x00000000cf700000, 0x00000000cf700000, 0x00000000cf800000|  0%| F|  |TAMS 0x00000000cf700000| PB 0x00000000cf700000| Untracked 
| 180|0x00000000cf800000, 0x00000000cf800000, 0x00000000cf900000|  0%| F|  |TAMS 0x00000000cf800000| PB 0x00000000cf800000| Untracked 
| 181|0x00000000cf900000, 0x00000000cf900000, 0x00000000cfa00000|  0%| F|  |TAMS 0x00000000cf900000| PB 0x00000000cf900000| Untracked 
| 182|0x00000000cfa00000, 0x00000000cfa00000, 0x00000000cfb00000|  0%| F|  |TAMS 0x00000000cfa00000| PB 0x00000000cfa00000| Untracked 
| 183|0x00000000cfb00000, 0x00000000cfb00000, 0x00000000cfc00000|  0%| F|  |TAMS 0x00000000cfb00000| PB 0x00000000cfb00000| Untracked 
| 184|0x00000000cfc00000, 0x00000000cfc00000, 0x00000000cfd00000|  0%| F|  |TAMS 0x00000000cfc00000| PB 0x00000000cfc00000| Untracked 
| 185|0x00000000cfd00000, 0x00000000cfd00000, 0x00000000cfe00000|  0%| F|  |TAMS 0x00000000cfd00000| PB 0x00000000cfd00000| Untracked 
| 186|0x00000000cfe00000, 0x00000000cfe00000, 0x00000000cff00000|  0%| F|  |TAMS 0x00000000cfe00000| PB 0x00000000cfe00000| Untracked 
| 187|0x00000000cff00000, 0x00000000cff00000, 0x00000000d0000000|  0%| F|  |TAMS 0x00000000cff00000| PB 0x00000000cff00000| Untracked 
| 188|0x00000000d0000000, 0x00000000d0000000, 0x00000000d0100000|  0%| F|  |TAMS 0x00000000d0000000| PB 0x00000000d0000000| Untracked 
| 189|0x00000000d0100000, 0x00000000d0100000, 0x00000000d0200000|  0%| F|  |TAMS 0x00000000d0100000| PB 0x00000000d0100000| Untracked 
| 190|0x00000000d0200000, 0x00000000d0200000, 0x00000000d0300000|  0%| F|  |TAMS 0x00000000d0200000| PB 0x00000000d0200000| Untracked 
| 191|0x00000000d0300000, 0x00000000d0300000, 0x00000000d0400000|  0%| F|  |TAMS 0x00000000d0300000| PB 0x00000000d0300000| Untracked 
| 192|0x00000000d0400000, 0x00000000d0400000, 0x00000000d0500000|  0%| F|  |TAMS 0x00000000d0400000| PB 0x00000000d0400000| Untracked 
| 193|0x00000000d0500000, 0x00000000d0500000, 0x00000000d0600000|  0%| F|  |TAMS 0x00000000d0500000| PB 0x00000000d0500000| Untracked 
| 194|0x00000000d0600000, 0x00000000d0600000, 0x00000000d0700000|  0%| F|  |TAMS 0x00000000d0600000| PB 0x00000000d0600000| Untracked 
| 195|0x00000000d0700000, 0x00000000d0700000, 0x00000000d0800000|  0%| F|  |TAMS 0x00000000d0700000| PB 0x00000000d0700000| Untracked 
| 196|0x00000000d0800000, 0x00000000d0800000, 0x00000000d0900000|  0%| F|  |TAMS 0x00000000d0800000| PB 0x00000000d0800000| Untracked 
| 197|0x00000000d0900000, 0x00000000d0900000, 0x00000000d0a00000|  0%| F|  |TAMS 0x00000000d0900000| PB 0x00000000d0900000| Untracked 
| 198|0x00000000d0a00000, 0x00000000d0a00000, 0x00000000d0b00000|  0%| F|  |TAMS 0x00000000d0a00000| PB 0x00000000d0a00000| Untracked 
| 199|0x00000000d0b00000, 0x00000000d0b00000, 0x00000000d0c00000|  0%| F|  |TAMS 0x00000000d0b00000| PB 0x00000000d0b00000| Untracked 
| 200|0x00000000d0c00000, 0x00000000d0c00000, 0x00000000d0d00000|  0%| F|  |TAMS 0x00000000d0c00000| PB 0x00000000d0c00000| Untracked 
| 201|0x00000000d0d00000, 0x00000000d0d00000, 0x00000000d0e00000|  0%| F|  |TAMS 0x00000000d0d00000| PB 0x00000000d0d00000| Untracked 
| 202|0x00000000d0e00000, 0x00000000d0eec178, 0x00000000d0f00000| 92%| S|CS|TAMS 0x00000000d0e00000| PB 0x00000000d0e00000| Complete 
| 203|0x00000000d0f00000, 0x00000000d0f00000, 0x00000000d1000000|  0%| F|  |TAMS 0x00000000d0f00000| PB 0x00000000d0f00000| Untracked 
| 204|0x00000000d1000000, 0x00000000d1056d20, 0x00000000d1100000| 33%| E|  |TAMS 0x00000000d1000000| PB 0x00000000d1000000| Complete 
| 205|0x00000000d1100000, 0x00000000d1200000, 0x00000000d1200000|100%| E|CS|TAMS 0x00000000d1100000| PB 0x00000000d1100000| Complete 
| 206|0x00000000d1200000, 0x00000000d1300000, 0x00000000d1300000|100%| E|CS|TAMS 0x00000000d1200000| PB 0x00000000d1200000| Complete 
| 207|0x00000000d1300000, 0x00000000d1400000, 0x00000000d1400000|100%| E|CS|TAMS 0x00000000d1300000| PB 0x00000000d1300000| Complete 
| 208|0x00000000d1400000, 0x00000000d1500000, 0x00000000d1500000|100%| E|CS|TAMS 0x00000000d1400000| PB 0x00000000d1400000| Complete 
| 209|0x00000000d1500000, 0x00000000d1600000, 0x00000000d1600000|100%| E|CS|TAMS 0x00000000d1500000| PB 0x00000000d1500000| Complete 
| 210|0x00000000d1600000, 0x00000000d1700000, 0x00000000d1700000|100%| E|CS|TAMS 0x00000000d1600000| PB 0x00000000d1600000| Complete 
| 211|0x00000000d1700000, 0x00000000d1800000, 0x00000000d1800000|100%| E|CS|TAMS 0x00000000d1700000| PB 0x00000000d1700000| Complete 
| 212|0x00000000d1800000, 0x00000000d1900000, 0x00000000d1900000|100%| E|CS|TAMS 0x00000000d1800000| PB 0x00000000d1800000| Complete 
| 213|0x00000000d1900000, 0x00000000d1a00000, 0x00000000d1a00000|100%| E|CS|TAMS 0x00000000d1900000| PB 0x00000000d1900000| Complete 
| 214|0x00000000d1a00000, 0x00000000d1b00000, 0x00000000d1b00000|100%| E|CS|TAMS 0x00000000d1a00000| PB 0x00000000d1a00000| Complete 
| 215|0x00000000d1b00000, 0x00000000d1c00000, 0x00000000d1c00000|100%| E|CS|TAMS 0x00000000d1b00000| PB 0x00000000d1b00000| Complete 
| 216|0x00000000d1c00000, 0x00000000d1d00000, 0x00000000d1d00000|100%| E|  |TAMS 0x00000000d1c00000| PB 0x00000000d1c00000| Complete 
| 217|0x00000000d1d00000, 0x00000000d1e00000, 0x00000000d1e00000|100%| E|CS|TAMS 0x00000000d1d00000| PB 0x00000000d1d00000| Complete 
| 218|0x00000000d1e00000, 0x00000000d1f00000, 0x00000000d1f00000|100%| E|CS|TAMS 0x00000000d1e00000| PB 0x00000000d1e00000| Complete 
| 219|0x00000000d1f00000, 0x00000000d2000000, 0x00000000d2000000|100%| E|CS|TAMS 0x00000000d1f00000| PB 0x00000000d1f00000| Complete 
| 220|0x00000000d2000000, 0x00000000d2100000, 0x00000000d2100000|100%| E|CS|TAMS 0x00000000d2000000| PB 0x00000000d2000000| Complete 
| 954|0x00000000ffe00000, 0x00000000fff00000, 0x00000000fff00000|100%| O|  |TAMS 0x00000000ffe00000| PB 0x00000000ffe00000| Untracked 
| 955|0x00000000fff00000, 0x0000000100000000, 0x0000000100000000|100%| O|  |TAMS 0x00000000fff00000| PB 0x00000000fff00000| Untracked 

Card table byte_map: [0x0000019778a50000,0x0000019778c30000] _byte_map_base: 0x000001977842e000

Marking Bits: (CMBitMap*) 0x0000019770360a80
 Bits: [0x0000019778c30000, 0x0000019779b20000)

Polling page: 0x000001976df30000

Metaspace:

Usage:
  Non-class:     27.43 MB used.
      Class:      3.58 MB used.
       Both:     31.01 MB used.

Virtual space:
  Non-class space:       64.00 MB reserved,      27.69 MB ( 43%) committed,  1 nodes.
      Class space:        1.00 GB reserved,       3.81 MB ( <1%) committed,  1 nodes.
             Both:        1.06 GB reserved,      31.50 MB (  3%) committed. 

Chunk freelists:
   Non-Class:  4.05 MB
       Class:  12.18 MB
        Both:  16.23 MB

MaxMetaspaceSize: unlimited
CompressedClassSpaceSize: 1.00 GB
Initial GC threshold: 21.00 MB
Current GC threshold: 35.75 MB
CDS: on
 - commit_granule_bytes: 65536.
 - commit_granule_words: 8192.
 - virtual_space_node_default_size: 8388608.
 - enlarge_chunks_in_place: 1.
 - use_allocation_guard: 0.


Internal statistics:

num_allocs_failed_limit: 6.
num_arena_births: 370.
num_arena_deaths: 0.
num_vsnodes_births: 2.
num_vsnodes_deaths: 0.
num_space_committed: 504.
num_space_uncommitted: 0.
num_chunks_returned_to_freelist: 6.
num_chunks_taken_from_freelist: 1521.
num_chunk_merges: 6.
num_chunk_splits: 1089.
num_chunks_enlarged: 862.
num_inconsistent_stats: 0.

CodeHeap 'non-profiled nmethods': size=120000Kb used=4433Kb max_used=4433Kb free=115566Kb
 bounds [0x0000019707ad0000, 0x0000019707f30000, 0x000001970f000000]
CodeHeap 'profiled nmethods': size=120000Kb used=15667Kb max_used=15667Kb free=104332Kb
 bounds [0x0000019700000000, 0x0000019700f50000, 0x0000019707530000]
CodeHeap 'non-nmethods': size=5760Kb used=1513Kb max_used=1545Kb free=4247Kb
 bounds [0x0000019707530000, 0x00000197077a0000, 0x0000019707ad0000]
CodeCache: size=245760Kb, used=21613Kb, max_used=21645Kb, free=224145Kb
 total_blobs=7745, nmethods=7200, adapters=449, full_count=0
Compilation: enabled, stopped_count=0, restarted_count=0

Compilation events (20 events):
Event: 242.870 Thread 0x000001977c0dd920 nmethod 7206 0x0000019700f45d10 code [0x0000019700f45ea0, 0x0000019700f45fc0]
Event: 243.485 Thread 0x000001977c0dd920 7207       3       com.sun.tools.javac.code.Types::containsTypeEquivalent (68 bytes)
Event: 243.499 Thread 0x000001977c0dd920 nmethod 7207 0x0000019700f46090 code [0x0000019700f46340, 0x0000019700f475a8]
Event: 243.507 Thread 0x000001977c0dd920 7208       3       com.sun.tools.javac.jvm.PoolWriter::putName (9 bytes)
Event: 243.515 Thread 0x000001977c0dd920 nmethod 7208 0x0000019700f47a90 code [0x0000019700f47c40, 0x0000019700f47d80]
Event: 243.515 Thread 0x000001977c0dd920 7209       3       java.nio.charset.CharsetDecoder::onMalformedInput (26 bytes)
Event: 243.595 Thread 0x000001977c0dd920 nmethod 7209 0x0000019700f47e90 code [0x0000019700f48060, 0x0000019700f483a0]
Event: 243.918 Thread 0x000001977c0a3170 7213       4       java.net.URL::lowerCaseProtocol (46 bytes)
Event: 244.048 Thread 0x000001977c0a3170 nmethod 7213 0x0000019707f23b10 code [0x0000019707f23cc0, 0x0000019707f240b0]
Event: 244.167 Thread 0x000001977c0dd920 7214 %     3       lombok.launch.PackageShader::apply @ 154 (252 bytes)
Event: 244.172 Thread 0x000001977c0dd920 nmethod 7214% 0x0000019700f48490 code [0x0000019700f48720, 0x0000019700f49778]
Event: 244.174 Thread 0x000001977c0dd920 7215 %     3       lombok.launch.PackageShader::apply @ 76 (252 bytes)
Event: 244.175 Thread 0x000001977c0dd920 nmethod 7215% 0x0000019700f49f90 code [0x0000019700f4a200, 0x0000019700f4b060]
Event: 244.265 Thread 0x000001977c0dd920 7216       3       lombok.launch.PackageShader::apply (252 bytes)
Event: 244.266 Thread 0x000001977c0dd920 nmethod 7216 0x0000019700f4b790 code [0x0000019700f4b9e0, 0x0000019700f4c490]
Event: 245.020 Thread 0x000001977c0dd920 7217       3       java.io.OutputStream::flush (1 bytes)
Event: 245.021 Thread 0x000001977c0dd920 nmethod 7217 0x0000019700f4ca90 code [0x0000019700f4cc20, 0x0000019700f4cd28]
Event: 246.604 Thread 0x000001977c0a3170 7218       4       java.util.concurrent.locks.AbstractQueuedSynchronizer::acquire (20 bytes)
Event: 246.662 Thread 0x000001977c0a3170 nmethod 7218 0x0000019707f24190 code [0x0000019707f24320, 0x0000019707f24510]
Event: 247.992 Thread 0x000001977c0dd920 7219       3       org.apache.maven.model.building.DefaultModelBuilder::build (1154 bytes)

GC Heap History (20 events):
Event: 152.088 GC heap before
{Heap before GC invocations=14 (full 0):
 garbage-first heap   total 90112K, used 39523K [0x00000000c4400000, 0x0000000100000000)
  region size 1024K, 5 young (5120K), 2 survivors (2048K)
 Metaspace       used 26710K, committed 27072K, reserved 1114112K
  class space    used 3083K, committed 3264K, reserved 1048576K
}
Event: 152.185 GC heap after
{Heap after GC invocations=15 (full 0):
 garbage-first heap   total 90112K, used 37071K [0x00000000c4400000, 0x0000000100000000)
  region size 1024K, 1 young (1024K), 1 survivors (1024K)
 Metaspace       used 26710K, committed 27072K, reserved 1114112K
  class space    used 3083K, committed 3264K, reserved 1048576K
}
Event: 160.623 GC heap before
{Heap before GC invocations=15 (full 0):
 garbage-first heap   total 90112K, used 45263K [0x00000000c4400000, 0x0000000100000000)
  region size 1024K, 10 young (10240K), 1 survivors (1024K)
 Metaspace       used 27596K, committed 27968K, reserved 1114112K
  class space    used 3158K, committed 3328K, reserved 1048576K
}
Event: 160.910 GC heap after
{Heap after GC invocations=16 (full 0):
 garbage-first heap   total 90112K, used 38384K [0x00000000c4400000, 0x0000000100000000)
  region size 1024K, 2 young (2048K), 2 survivors (2048K)
 Metaspace       used 27596K, committed 27968K, reserved 1114112K
  class space    used 3158K, committed 3328K, reserved 1048576K
}
Event: 161.328 GC heap before
{Heap before GC invocations=16 (full 0):
 garbage-first heap   total 90112K, used 42480K [0x00000000c4400000, 0x0000000100000000)
  region size 1024K, 7 young (7168K), 2 survivors (2048K)
 Metaspace       used 27725K, committed 28096K, reserved 1114112K
  class space    used 3193K, committed 3392K, reserved 1048576K
}
Event: 161.433 GC heap after
{Heap after GC invocations=17 (full 0):
 garbage-first heap   total 90112K, used 38664K [0x00000000c4400000, 0x0000000100000000)
  region size 1024K, 1 young (1024K), 1 survivors (1024K)
 Metaspace       used 27725K, committed 28096K, reserved 1114112K
  class space    used 3193K, committed 3392K, reserved 1048576K
}
Event: 165.168 GC heap before
{Heap before GC invocations=17 (full 0):
 garbage-first heap   total 90112K, used 50952K [0x00000000c4400000, 0x0000000100000000)
  region size 1024K, 14 young (14336K), 1 survivors (1024K)
 Metaspace       used 28398K, committed 28800K, reserved 1114112K
  class space    used 3270K, committed 3456K, reserved 1048576K
}
Event: 165.280 GC heap after
{Heap after GC invocations=18 (full 0):
 garbage-first heap   total 228352K, used 38635K [0x00000000c4400000, 0x0000000100000000)
  region size 1024K, 1 young (1024K), 1 survivors (1024K)
 Metaspace       used 28398K, committed 28800K, reserved 1114112K
  class space    used 3270K, committed 3456K, reserved 1048576K
}
Event: 170.456 GC heap before
{Heap before GC invocations=18 (full 0):
 garbage-first heap   total 228352K, used 49899K [0x00000000c4400000, 0x0000000100000000)
  region size 1024K, 13 young (13312K), 1 survivors (1024K)
 Metaspace       used 29251K, committed 29696K, reserved 1114112K
  class space    used 3382K, committed 3584K, reserved 1048576K
}
Event: 170.576 GC heap after
{Heap after GC invocations=19 (full 0):
 garbage-first heap   total 228352K, used 39164K [0x00000000c4400000, 0x0000000100000000)
  region size 1024K, 1 young (1024K), 1 survivors (1024K)
 Metaspace       used 29251K, committed 29696K, reserved 1114112K
  class space    used 3382K, committed 3584K, reserved 1048576K
}
Event: 173.404 GC heap before
{Heap before GC invocations=19 (full 0):
 garbage-first heap   total 228352K, used 51452K [0x00000000c4400000, 0x0000000100000000)
  region size 1024K, 13 young (13312K), 1 survivors (1024K)
 Metaspace       used 30130K, committed 30592K, reserved 1114112K
  class space    used 3487K, committed 3712K, reserved 1048576K
}
Event: 173.518 GC heap after
{Heap after GC invocations=20 (full 0):
 garbage-first heap   total 228352K, used 40359K [0x00000000c4400000, 0x0000000100000000)
  region size 1024K, 2 young (2048K), 2 survivors (2048K)
 Metaspace       used 30130K, committed 30592K, reserved 1114112K
  class space    used 3487K, committed 3712K, reserved 1048576K
}
Event: 197.206 GC heap before
{Heap before GC invocations=20 (full 0):
 garbage-first heap   total 228352K, used 50599K [0x00000000c4400000, 0x0000000100000000)
  region size 1024K, 11 young (11264K), 2 survivors (2048K)
 Metaspace       used 30221K, committed 30656K, reserved 1114112K
  class space    used 3495K, committed 3712K, reserved 1048576K
}
Event: 197.333 GC heap after
{Heap after GC invocations=21 (full 0):
 garbage-first heap   total 228352K, used 40787K [0x00000000c4400000, 0x0000000100000000)
  region size 1024K, 1 young (1024K), 1 survivors (1024K)
 Metaspace       used 30221K, committed 30656K, reserved 1114112K
  class space    used 3495K, committed 3712K, reserved 1048576K
}
Event: 206.200 GC heap before
{Heap before GC invocations=21 (full 0):
 garbage-first heap   total 228352K, used 80723K [0x00000000c4400000, 0x0000000100000000)
  region size 1024K, 37 young (37888K), 1 survivors (1024K)
 Metaspace       used 30302K, committed 30784K, reserved 1114112K
  class space    used 3496K, committed 3712K, reserved 1048576K
}
Event: 206.374 GC heap after
{Heap after GC invocations=22 (full 0):
 garbage-first heap   total 228352K, used 59668K [0x00000000c4400000, 0x0000000100000000)
  region size 1024K, 5 young (5120K), 5 survivors (5120K)
 Metaspace       used 30302K, committed 30784K, reserved 1114112K
  class space    used 3496K, committed 3712K, reserved 1048576K
}
Event: 209.985 GC heap before
{Heap before GC invocations=22 (full 0):
 garbage-first heap   total 228352K, used 68884K [0x00000000c4400000, 0x0000000100000000)
  region size 1024K, 14 young (14336K), 5 survivors (5120K)
 Metaspace       used 30312K, committed 30784K, reserved 1114112K
  class space    used 3496K, committed 3712K, reserved 1048576K
}
Event: 210.116 GC heap after
{Heap after GC invocations=23 (full 0):
 garbage-first heap   total 228352K, used 63042K [0x00000000c4400000, 0x0000000100000000)
  region size 1024K, 2 young (2048K), 2 survivors (2048K)
 Metaspace       used 30312K, committed 30784K, reserved 1114112K
  class space    used 3496K, committed 3712K, reserved 1048576K
}
Event: 238.208 GC heap before
{Heap before GC invocations=23 (full 0):
 garbage-first heap   total 228352K, used 78402K [0x00000000c4400000, 0x0000000100000000)
  region size 1024K, 18 young (18432K), 2 survivors (2048K)
 Metaspace       used 30987K, committed 31424K, reserved 1114112K
  class space    used 3586K, committed 3776K, reserved 1048576K
}
Event: 238.296 GC heap after
{Heap after GC invocations=24 (full 0):
 garbage-first heap   total 228352K, used 64432K [0x00000000c4400000, 0x0000000100000000)
  region size 1024K, 1 young (1024K), 1 survivors (1024K)
 Metaspace       used 30987K, committed 31424K, reserved 1114112K
  class space    used 3586K, committed 3776K, reserved 1048576K
}

Dll operation events (8 events):
Event: 0.029 Loaded shared library C:\Program Files\Eclipse Adoptium\jdk-21.0.11.10-hotspot\bin\java.dll
Event: 0.349 Loaded shared library C:\Program Files\Eclipse Adoptium\jdk-21.0.11.10-hotspot\bin\jsvml.dll
Event: 0.450 Loaded shared library C:\Program Files\Eclipse Adoptium\jdk-21.0.11.10-hotspot\bin\net.dll
Event: 0.460 Loaded shared library C:\Program Files\Eclipse Adoptium\jdk-21.0.11.10-hotspot\bin\nio.dll
Event: 0.504 Loaded shared library C:\Program Files\Eclipse Adoptium\jdk-21.0.11.10-hotspot\bin\zip.dll
Event: 3.466 Loaded shared library C:\Program Files\Eclipse Adoptium\jdk-21.0.11.10-hotspot\bin\jimage.dll
Event: 3.569 Loaded shared library C:\Users\USER\.m2\wrapper\dists\apache-maven-3.9.16\0daed3be3ebd1c706f0e69e8b07c6b73f5cc4ea3dfce72a8d0ec2e849ca2ddb0\lib\jansi-native\Windows\x86_64\jansi.dll
Event: 3.722 Loaded shared library C:\Program Files\Eclipse Adoptium\jdk-21.0.11.10-hotspot\bin\verify.dll

Deoptimization events (20 events):
Event: 207.788 Thread 0x000001976dfa4d10 Uncommon trap: trap_request=0xffffffc6 fr.pc=0x0000019707e38a7c relative=0x000000000000151c
Event: 207.788 Thread 0x000001976dfa4d10 Uncommon trap: reason=bimorphic_or_optimized_type_check action=maybe_recompile pc=0x0000019707e38a7c method=com.sun.tools.javac.file.BaseFileManager.getKind(Ljava/nio/file/Path;)Ljavax/tools/JavaFileObject$Kind; @ 1 c2
Event: 207.788 Thread 0x000001976dfa4d10 DEOPT PACKING pc=0x0000019707e38a7c sp=0x0000008234afd810
Event: 207.788 Thread 0x000001976dfa4d10 DEOPT UNPACKING pc=0x0000019707587ba2 sp=0x0000008234afd7b0 mode 2
Event: 207.801 Thread 0x000001976dfa4d10 Uncommon trap: trap_request=0xffffffc6 fr.pc=0x0000019707e38a7c relative=0x000000000000151c
Event: 207.801 Thread 0x000001976dfa4d10 Uncommon trap: reason=bimorphic_or_optimized_type_check action=maybe_recompile pc=0x0000019707e38a7c method=com.sun.tools.javac.file.BaseFileManager.getKind(Ljava/nio/file/Path;)Ljavax/tools/JavaFileObject$Kind; @ 1 c2
Event: 207.802 Thread 0x000001976dfa4d10 DEOPT PACKING pc=0x0000019707e38a7c sp=0x0000008234afd730
Event: 207.802 Thread 0x000001976dfa4d10 DEOPT UNPACKING pc=0x0000019707587ba2 sp=0x0000008234afd6c8 mode 2
Event: 213.842 Thread 0x000001976dfa4d10 DEOPT PACKING pc=0x0000019700d684f8 sp=0x0000008234afb9c0
Event: 213.856 Thread 0x000001976dfa4d10 DEOPT UNPACKING pc=0x00000197075886e2 sp=0x0000008234afaea8 mode 0
Event: 227.404 Thread 0x000001976dfa4d10 DEOPT PACKING pc=0x0000019700f0338d sp=0x0000008234af9530
Event: 227.425 Thread 0x000001976dfa4d10 DEOPT UNPACKING pc=0x00000197075886e2 sp=0x0000008234af89e0 mode 0
Event: 243.987 Thread 0x000001976dfa4d10 Uncommon trap: trap_request=0xffffff45 fr.pc=0x0000019707f135e0 relative=0x00000000000013e0
Event: 243.995 Thread 0x000001976dfa4d10 Uncommon trap: reason=unstable_if action=reinterpret pc=0x0000019707f135e0 method=lombok.launch.PackageShader.apply([B)Z @ 190 c2
Event: 244.028 Thread 0x000001976dfa4d10 DEOPT PACKING pc=0x0000019707f135e0 sp=0x0000008234afcde0
Event: 244.046 Thread 0x000001976dfa4d10 DEOPT UNPACKING pc=0x0000019707587ba2 sp=0x0000008234afcd60 mode 2
Event: 244.168 Thread 0x000001976dfa4d10 Uncommon trap: trap_request=0xffffff45 fr.pc=0x0000019707f116bc relative=0x000000000000093c
Event: 244.169 Thread 0x000001976dfa4d10 Uncommon trap: reason=unstable_if action=reinterpret pc=0x0000019707f116bc method=lombok.launch.PackageShader.apply([B)Z @ 190 c2
Event: 244.169 Thread 0x000001976dfa4d10 DEOPT PACKING pc=0x0000019707f116bc sp=0x0000008234af9760
Event: 244.172 Thread 0x000001976dfa4d10 DEOPT UNPACKING pc=0x0000019707587ba2 sp=0x0000008234af96e0 mode 2

Classes loaded (20 events):
Event: 172.612 Loading class java/nio/file/Path$1
Event: 172.620 Loading class java/nio/file/Path$1 done
Event: 173.006 Loading class java/util/function/ToIntBiFunction
Event: 173.014 Loading class java/util/function/ToIntBiFunction done
Event: 173.301 Loading class java/util/EnumMap$EntrySet
Event: 173.305 Loading class java/util/EnumMap$EntrySet done
Event: 173.307 Loading class java/util/EnumMap$EntryIterator
Event: 173.310 Loading class java/util/EnumMap$EnumMapIterator
Event: 173.312 Loading class java/util/EnumMap$EnumMapIterator done
Event: 173.312 Loading class java/util/EnumMap$EntryIterator done
Event: 173.313 Loading class java/util/EnumMap$EntryIterator$Entry
Event: 173.318 Loading class java/util/EnumMap$EntryIterator$Entry done
Event: 173.827 Loading class java/util/EnumMap$Values
Event: 173.837 Loading class java/util/EnumMap$Values done
Event: 173.837 Loading class java/util/EnumMap$ValueIterator
Event: 173.841 Loading class java/util/EnumMap$ValueIterator done
Event: 173.904 Loading class java/util/WeakHashMap$KeyIterator
Event: 173.908 Loading class java/util/WeakHashMap$KeyIterator done
Event: 214.232 Loading class jdk/internal/module/IllegalAccessLogger
Event: 214.249 Loading class jdk/internal/module/IllegalAccessLogger done

Classes unloaded (0 events):
No events

Classes redefined (0 events):
No events

Internal exceptions (20 events):
Event: 209.684 Thread 0x000001976dfa4d10 Exception <a 'sun/nio/fs/WindowsException'{0x00000000d1892a60}> (0x00000000d1892a60) 
thrown [s\src\hotspot\share\prims\jni.cpp, line 520]
Event: 241.043 Thread 0x000001976dfa4d10 Exception <a 'sun/nio/fs/WindowsException'{0x00000000d14072c8}> (0x00000000d14072c8) 
thrown [s\src\hotspot\share\prims\jni.cpp, line 520]
Event: 241.084 Thread 0x000001976dfa4d10 Exception <a 'sun/nio/fs/WindowsException'{0x00000000d1407e30}> (0x00000000d1407e30) 
thrown [s\src\hotspot\share\prims\jni.cpp, line 520]
Event: 241.100 Thread 0x000001976dfa4d10 Exception <a 'sun/nio/fs/WindowsException'{0x00000000d1408a60}> (0x00000000d1408a60) 
thrown [s\src\hotspot\share\prims\jni.cpp, line 520]
Event: 242.338 Thread 0x000001976dfa4d10 Exception <a 'sun/nio/fs/WindowsException'{0x00000000d1441a48}> (0x00000000d1441a48) 
thrown [s\src\hotspot\share\prims\jni.cpp, line 520]
Event: 242.338 Thread 0x000001976dfa4d10 Exception <a 'sun/nio/fs/WindowsException'{0x00000000d14425b0}> (0x00000000d14425b0) 
thrown [s\src\hotspot\share\prims\jni.cpp, line 520]
Event: 242.338 Thread 0x000001976dfa4d10 Exception <a 'sun/nio/fs/WindowsException'{0x00000000d14431e0}> (0x00000000d14431e0) 
thrown [s\src\hotspot\share\prims\jni.cpp, line 520]
Event: 242.360 Thread 0x000001976dfa4d10 Exception <a 'sun/nio/fs/WindowsException'{0x00000000d1477f50}> (0x00000000d1477f50) 
thrown [s\src\hotspot\share\prims\jni.cpp, line 520]
Event: 242.362 Thread 0x000001976dfa4d10 Exception <a 'sun/nio/fs/WindowsException'{0x00000000d1478ab8}> (0x00000000d1478ab8) 
thrown [s\src\hotspot\share\prims\jni.cpp, line 520]
Event: 242.362 Thread 0x000001976dfa4d10 Exception <a 'sun/nio/fs/WindowsException'{0x00000000d14796e8}> (0x00000000d14796e8) 
thrown [s\src\hotspot\share\prims\jni.cpp, line 520]
Event: 242.391 Thread 0x000001976dfa4d10 Exception <a 'sun/nio/fs/WindowsException'{0x00000000d149a050}> (0x00000000d149a050) 
thrown [s\src\hotspot\share\prims\jni.cpp, line 520]
Event: 242.392 Thread 0x000001976dfa4d10 Exception <a 'sun/nio/fs/WindowsException'{0x00000000d149abb8}> (0x00000000d149abb8) 
thrown [s\src\hotspot\share\prims\jni.cpp, line 520]
Event: 242.392 Thread 0x000001976dfa4d10 Exception <a 'sun/nio/fs/WindowsException'{0x00000000d149b7e8}> (0x00000000d149b7e8) 
thrown [s\src\hotspot\share\prims\jni.cpp, line 520]
Event: 242.815 Thread 0x000001976dfa4d10 Exception <a 'sun/nio/fs/WindowsException'{0x00000000d137a520}> (0x00000000d137a520) 
thrown [s\src\hotspot\share\prims\jni.cpp, line 520]
Event: 242.858 Thread 0x000001976dfa4d10 Exception <a 'sun/nio/fs/WindowsException'{0x00000000d1391878}> (0x00000000d1391878) 
thrown [s\src\hotspot\share\prims\jni.cpp, line 520]
Event: 242.897 Thread 0x000001976dfa4d10 Exception <a 'sun/nio/fs/WindowsException'{0x00000000d13a98b0}> (0x00000000d13a98b0) 
thrown [s\src\hotspot\share\prims\jni.cpp, line 520]
Event: 242.899 Thread 0x000001976dfa4d10 Exception <a 'sun/nio/fs/WindowsException'{0x00000000d13aa0e8}> (0x00000000d13aa0e8) 
thrown [s\src\hotspot\share\prims\jni.cpp, line 520]
Event: 242.914 Thread 0x000001976dfa4d10 Exception <a 'sun/nio/fs/WindowsException'{0x00000000d13aa6b8}> (0x00000000d13aa6b8) 
thrown [s\src\hotspot\share\prims\jni.cpp, line 520]
Event: 242.919 Thread 0x000001976dfa4d10 Exception <a 'sun/nio/fs/WindowsException'{0x00000000d13aaeb0}> (0x00000000d13aaeb0) 
thrown [s\src\hotspot\share\prims\jni.cpp, line 520]
Event: 242.920 Thread 0x000001976dfa4d10 Exception <a 'sun/nio/fs/WindowsException'{0x00000000d13ab688}> (0x00000000d13ab688) 
thrown [s\src\hotspot\share\prims\jni.cpp, line 520]

ZGC Phase Switch (0 events):
No events

VM Operations (20 events):
Event: 212.147 Executing safepoint VM operation: Cleanup
Event: 212.178 Executing safepoint VM operation: Cleanup done
Event: 213.186 Executing safepoint VM operation: Cleanup
Event: 213.280 Executing safepoint VM operation: Cleanup done
Event: 217.334 Executing safepoint VM operation: Cleanup
Event: 217.380 Executing safepoint VM operation: Cleanup done
Event: 237.564 Executing safepoint VM operation: Cleanup
Event: 237.595 Executing safepoint VM operation: Cleanup done
Event: 238.203 Executing safepoint VM operation: G1CollectForAllocation (G1 Evacuation Pause)
Event: 238.296 Executing safepoint VM operation: G1CollectForAllocation (G1 Evacuation Pause) done
Event: 239.306 Executing safepoint VM operation: Cleanup
Event: 239.321 Executing safepoint VM operation: Cleanup done
Event: 240.331 Executing safepoint VM operation: Cleanup
Event: 240.347 Executing safepoint VM operation: Cleanup done
Event: 241.349 Executing safepoint VM operation: Cleanup
Event: 241.380 Executing safepoint VM operation: Cleanup done
Event: 242.381 Executing safepoint VM operation: Cleanup
Event: 242.381 Executing safepoint VM operation: Cleanup done
Event: 243.386 Executing safepoint VM operation: Cleanup
Event: 243.403 Executing safepoint VM operation: Cleanup done

Memory protections (0 events):
No events

Nmethod flushes (0 events):
No events

Events (14 events):
Event: 0.080 Thread 0x000001976dfa4d10 Thread added: 0x000001976dfa4d10
Event: 0.340 Thread 0x000001976dfa4d10 Thread added: 0x000001977c0970d0
Event: 0.340 Thread 0x000001976dfa4d10 Thread added: 0x000001977c099950
Event: 0.341 Thread 0x000001976dfa4d10 Thread added: 0x000001977c09d1d0
Event: 0.341 Thread 0x000001976dfa4d10 Thread added: 0x000001977c09dd20
Event: 0.341 Thread 0x000001976dfa4d10 Thread added: 0x000001977c09e870
Event: 0.341 Thread 0x000001976dfa4d10 Thread added: 0x000001977c09f3c0
Event: 0.341 Thread 0x000001976dfa4d10 Thread added: 0x000001977c0a3170
Event: 0.347 Thread 0x000001976dfa4d10 Thread added: 0x000001977c0dd920
Event: 0.420 Thread 0x000001976dfa4d10 Thread added: 0x000001977c1e7520
Event: 0.424 Thread 0x000001976dfa4d10 Thread added: 0x000001977c1fc1b0
Event: 3.305 Thread 0x000001976dfa4d10 Thread added: 0x000001977c696f80
Event: 10.724 Thread 0x000001977c696f80 Thread exited: 0x000001977c696f80
Event: 13.150 Thread 0x000001976dfa4d10 Thread added: 0x000001977cddf7b0


Dynamic libraries:
0x00007ff651de0000 - 0x00007ff651dee000 	C:\Program Files\Eclipse Adoptium\jdk-21.0.11.10-hotspot\bin\java.exe
0x00007ffa5df20000 - 0x00007ffa5e186000 	C:\WINDOWS\SYSTEM32\ntdll.dll
0x00007ffa5ce60000 - 0x00007ffa5cf29000 	C:\WINDOWS\System32\KERNEL32.DLL
0x00007ffa5b550000 - 0x00007ffa5b94a000 	C:\WINDOWS\System32\KERNELBASE.dll
0x00007ffa5ba10000 - 0x00007ffa5bb5c000 	C:\WINDOWS\System32\ucrtbase.dll
0x00007ffa4a510000 - 0x00007ffa4a528000 	C:\Program Files\Eclipse Adoptium\jdk-21.0.11.10-hotspot\bin\jli.dll
0x00007ffa5d3d0000 - 0x00007ffa5d597000 	C:\WINDOWS\System32\USER32.dll
0x00007ffa4a5c0000 - 0x00007ffa4a5de000 	C:\Program Files\Eclipse Adoptium\jdk-21.0.11.10-hotspot\bin\VCRUNTIME140.dll
0x00007ffa5b9e0000 - 0x00007ffa5ba07000 	C:\WINDOWS\System32\win32u.dll
0x00007ffa5d5a0000 - 0x00007ffa5d5cb000 	C:\WINDOWS\System32\GDI32.dll
0x00007ffa5bb60000 - 0x00007ffa5bc8b000 	C:\WINDOWS\System32\gdi32full.dll
0x00007ffa5b1b0000 - 0x00007ffa5b253000 	C:\WINDOWS\System32\msvcp_win.dll
0x00007ffa400f0000 - 0x00007ffa40382000 	C:\WINDOWS\WinSxS\amd64_microsoft.windows.common-controls_6595b64144ccf1df_6.0.26100.8521_none_3e08b75ce33403b3\COMCTL32.dll
0x00007ffa5be00000 - 0x00007ffa5bea9000 	C:\WINDOWS\System32\msvcrt.dll
0x00007ffa5c0a0000 - 0x00007ffa5c0d2000 	C:\WINDOWS\System32\IMM32.DLL
0x00007ffa438a0000 - 0x00007ffa438ac000 	C:\Program Files\Eclipse Adoptium\jdk-21.0.11.10-hotspot\bin\vcruntime140_1.dll
0x00007ffa31190000 - 0x00007ffa3121d000 	C:\Program Files\Eclipse Adoptium\jdk-21.0.11.10-hotspot\bin\msvcp140.dll
0x00007ff99b4e0000 - 0x00007ff99c282000 	C:\Program Files\Eclipse Adoptium\jdk-21.0.11.10-hotspot\bin\server\jvm.dll
0x00007ffa5bfe0000 - 0x00007ffa5c096000 	C:\WINDOWS\System32\ADVAPI32.dll
0x00007ffa5bf30000 - 0x00007ffa5bfda000 	C:\WINDOWS\System32\sechost.dll
0x00007ffa5d6d0000 - 0x00007ffa5d7e8000 	C:\WINDOWS\System32\RPCRT4.dll
0x00007ffa5d2c0000 - 0x00007ffa5d340000 	C:\WINDOWS\System32\WS2_32.dll
0x00007ffa5b010000 - 0x00007ffa5b06e000 	C:\WINDOWS\SYSTEM32\POWRPROF.dll
0x00007ffa53120000 - 0x00007ffa53156000 	C:\WINDOWS\SYSTEM32\WINMM.dll
0x00007ffa4aac0000 - 0x00007ffa4aacb000 	C:\WINDOWS\SYSTEM32\VERSION.dll
0x00007ffa5aff0000 - 0x00007ffa5b004000 	C:\WINDOWS\SYSTEM32\UMPDC.dll
0x00007ffa59f00000 - 0x00007ffa59f1b000 	C:\WINDOWS\SYSTEM32\kernel.appcore.dll
0x00007ffa43680000 - 0x00007ffa4368a000 	C:\Program Files\Eclipse Adoptium\jdk-21.0.11.10-hotspot\bin\jimage.dll
0x00007ffa585c0000 - 0x00007ffa58802000 	C:\WINDOWS\SYSTEM32\DBGHELP.DLL
0x00007ffa5cf30000 - 0x00007ffa5d2b3000 	C:\WINDOWS\System32\combase.dll
0x00007ffa5cc30000 - 0x00007ffa5cd09000 	C:\WINDOWS\System32\OLEAUT32.dll
0x00007ffa3dc30000 - 0x00007ffa3dc6b000 	C:\WINDOWS\SYSTEM32\dbgcore.DLL
0x00007ffa5b3e0000 - 0x00007ffa5b488000 	C:\WINDOWS\System32\bcryptPrimitives.dll
0x00007ffa3ed20000 - 0x00007ffa3ed40000 	C:\Program Files\Eclipse Adoptium\jdk-21.0.11.10-hotspot\bin\java.dll
0x00007ffa5c280000 - 0x00007ffa5ca04000 	C:\WINDOWS\System32\SHELL32.dll
0x00007ffa58d30000 - 0x00007ffa595b0000 	C:\WINDOWS\SYSTEM32\windows.storage.dll
0x00007ffa5bd00000 - 0x00007ffa5bdf6000 	C:\WINDOWS\System32\SHCORE.dll
0x00007ffa5bc90000 - 0x00007ffa5bcf7000 	C:\WINDOWS\System32\shlwapi.dll
0x00007ffa5b0d0000 - 0x00007ffa5b0f9000 	C:\WINDOWS\SYSTEM32\profapi.dll
0x00007ffa21f60000 - 0x00007ffa22037000 	C:\Program Files\Eclipse Adoptium\jdk-21.0.11.10-hotspot\bin\jsvml.dll
0x00007ffa3f560000 - 0x00007ffa3f570000 	C:\Program Files\Eclipse Adoptium\jdk-21.0.11.10-hotspot\bin\net.dll
0x00007ffa4c230000 - 0x00007ffa4c359000 	C:\WINDOWS\SYSTEM32\WINHTTP.dll
0x00007ffa5a450000 - 0x00007ffa5a4bc000 	C:\WINDOWS\system32\mswsock.dll
0x00007ffa31bf0000 - 0x00007ffa31c06000 	C:\Program Files\Eclipse Adoptium\jdk-21.0.11.10-hotspot\bin\nio.dll
0x00007ffa30bd0000 - 0x00007ffa30be8000 	C:\Program Files\Eclipse Adoptium\jdk-21.0.11.10-hotspot\bin\zip.dll
0x00007ffa31ce0000 - 0x00007ffa31d04000 	C:\Users\USER\.m2\wrapper\dists\apache-maven-3.9.16\0daed3be3ebd1c706f0e69e8b07c6b73f5cc4ea3dfce72a8d0ec2e849ca2ddb0\lib\jansi-native\Windows\x86_64\jansi.dll
0x00007ffa3e6a0000 - 0x00007ffa3e6b0000 	C:\Program Files\Eclipse Adoptium\jdk-21.0.11.10-hotspot\bin\verify.dll

JVMTI agents: none

dbghelp: loaded successfully - version: 4.0.5 - missing functions: none
symbol engine: initialized successfully - sym options: 0x614 - pdb path: .;C:\Program Files\Eclipse Adoptium\jdk-21.0.11.10-hotspot\bin;C:\WINDOWS\SYSTEM32;C:\WINDOWS\WinSxS\amd64_microsoft.windows.common-controls_6595b64144ccf1df_6.0.26100.8521_none_3e08b75ce33403b3;C:\Program Files\Eclipse Adoptium\jdk-21.0.11.10-hotspot\bin\server;C:\Users\USER\.m2\wrapper\dists\apache-maven-3.9.16\0daed3be3ebd1c706f0e69e8b07c6b73f5cc4ea3dfce72a8d0ec2e849ca2ddb0\lib\jansi-native\Windows\x86_64

VM Arguments:
jvm_args: --enable-native-access=ALL-UNNAMED -Dclassworlds.conf=C:\Users\USER\.m2\wrapper\dists\apache-maven-3.9.16\0daed3be3ebd1c706f0e69e8b07c6b73f5cc4ea3dfce72a8d0ec2e849ca2ddb0\bin\m2.conf -Dmaven.home=C:\Users\USER\.m2\wrapper\dists\apache-maven-3.9.16\0daed3be3ebd1c706f0e69e8b07c6b73f5cc4ea3dfce72a8d0ec2e849ca2ddb0 -Dlibrary.jansi.path=C:\Users\USER\.m2\wrapper\dists\apache-maven-3.9.16\0daed3be3ebd1c706f0e69e8b07c6b73f5cc4ea3dfce72a8d0ec2e849ca2ddb0\lib\jansi-native -Dmaven.multiModuleProjectDirectory=D:\4th year subjects\SWST44062 - Enterprise Application Development\assignment\code\product-service\product-service 
java_command: org.codehaus.plexus.classworlds.launcher.Launcher clean install
java_class_path (initial): C:\Users\USER\.m2\wrapper\dists\apache-maven-3.9.16\0daed3be3ebd1c706f0e69e8b07c6b73f5cc4ea3dfce72a8d0ec2e849ca2ddb0\boot\plexus-classworlds-2.11.0.jar
Launcher Type: SUN_STANDARD

[Global flags]
     intx CICompilerCount                          = 3                                         {product} {ergonomic}
     uint ConcGCThreads                            = 1                                         {product} {ergonomic}
     uint G1ConcRefinementThreads                  = 4                                         {product} {ergonomic}
   size_t G1HeapRegionSize                         = 1048576                                   {product} {ergonomic}
    uintx GCDrainStackTargetSize                   = 64                                        {product} {ergonomic}
   size_t InitialHeapSize                          = 62914560                                  {product} {ergonomic}
   size_t MarkStackSize                            = 4194304                                   {product} {ergonomic}
   size_t MaxHeapSize                              = 1002438656                                {product} {ergonomic}
   size_t MaxNewSize                               = 600834048                                 {product} {ergonomic}
   size_t MinHeapDeltaBytes                        = 1048576                                   {product} {ergonomic}
   size_t MinHeapSize                              = 8388608                                   {product} {ergonomic}
    uintx NonNMethodCodeHeapSize                   = 5832780                                {pd product} {ergonomic}
    uintx NonProfiledCodeHeapSize                  = 122912730                              {pd product} {ergonomic}
    uintx ProfiledCodeHeapSize                     = 122912730                              {pd product} {ergonomic}
    uintx ReservedCodeCacheSize                    = 251658240                              {pd product} {ergonomic}
     bool SegmentedCodeCache                       = true                                      {product} {ergonomic}
   size_t SoftMaxHeapSize                          = 1002438656                             {manageable} {ergonomic}
     bool UseCompressedOops                        = true                           {product lp64_product} {ergonomic}
     bool UseG1GC                                  = true                                      {product} {ergonomic}
     bool UseLargePagesIndividualAllocation        = false                                  {pd product} {ergonomic}

Logging:
Log output configuration:
 #0: stdout all=warning uptime,level,tags foldmultilines=false
 #1: stderr all=off uptime,level,tags foldmultilines=false

Release file:
IMPLEMENTOR="Eclipse Adoptium" 
IMPLEMENTOR_VERSION="Temurin-21.0.11+10" 
JAVA_RUNTIME_VERSION="21.0.11+10-LTS" 
JAVA_VERSION="21.0.11" 
JAVA_VERSION_DATE="2026-04-21" 
LIBC="default" 
MODULES="java.base java.compiler java.datatransfer java.xml java.prefs java.desktop java.instrument java.logging java.management java.security.sasl java.naming java.rmi java.management.rmi java.net.http java.scripting java.security.jgss java.transaction.xa java.sql java.sql.rowset java.xml.crypto java.se java.smartcardio jdk.accessibility jdk.internal.jvmstat jdk.attach jdk.charsets jdk.internal.opt jdk.zipfs jdk.compiler jdk.crypto.ec jdk.crypto.cryptoki jdk.crypto.mscapi jdk.dynalink jdk.internal.ed jdk.editpad jdk.hotspot.agent jdk.httpserver jdk.incubator.vector jdk.internal.le jdk.internal.vm.ci jdk.internal.vm.compiler jdk.internal.vm.compiler.management jdk.jartool jdk.javadoc jdk.jcmd jdk.management jdk.management.agent jdk.jconsole jdk.jdeps jdk.jdwp.agent jdk.jdi jdk.jfr jdk.jlink jdk.jpackage jdk.jshell jdk.jsobject jdk.jstatd jdk.localedata jdk.management.jfr jdk.naming.dns jdk.naming.rmi jdk.net jdk.nio.mapmode jdk.random jdk.sctp jdk.security.auth jdk.security.jgss jdk.unsupported jdk.unsupported.desktop jdk.xml.dom" 
OS_ARCH="x86_64" 
OS_NAME="Windows" 
SOURCE=".:git:254494ad7d75" 
BUILD_SOURCE="git:a612825ee82a20ac872d60958c349854c1f29a8e"
BUILD_SOURCE_REPO="https://github.com/adoptium/temurin-build.git"
SOURCE_REPO="https://github.com/adoptium/jdk21u.git"
FULL_VERSION="21.0.11+10-LTS"
SEMANTIC_VERSION="21.0.11+10"
BUILD_INFO="OS: Windows Server 2022 Version: 10.0"
JVM_VARIANT="Hotspot"
JVM_VERSION="21.0.11+10-LTS"
IMAGE_TYPE="JDK"

Environment Variables:
PATH=C:\Program Files\Eclipse Adoptium\jdk-21.0.11.10-hotspot\bin;C:\WINDOWS\system32;C:\WINDOWS;C:\WINDOWS\System32\Wbem;C:\WINDOWS\System32\WindowsPowerShell\v1.0\;C:\WINDOWS\System32\OpenSSH\;C:\Program Files\dotnet\;C:\Program Files\Git\cmd;C:\Program Files\Docker\Docker\resources\bin;C:\Program Files\nodejs\;C:\Users\USER\AppData\Local\Programs\Python\Python312\Scripts\;C:\Users\USER\AppData\Local\Programs\Python\Python312\;C:\Users\USER\AppData\Local\Programs\Python\Launcher\;C:\Users\USER\AppData\Local\Microsoft\WindowsApps;C:\Users\USER\AppData\Local\PowerToys\DSCModules\;C:\Users\USER\AppData\Local\Python\bin;C:\Users\USER\AppData\Local\Programs\Microsoft VS Code\bin;C:\Users\USER\AppData\Roaming\npm;C:\Program Files\JetBrains\IntelliJ IDEA 2026.1.3\bin
USERNAME=USER
OS=Windows_NT
PROCESSOR_IDENTIFIER=Intel64 Family 6 Model 140 Stepping 1, GenuineIntel
TMP=C:\Users\USER\AppData\Local\Temp
TEMP=C:\Users\USER\AppData\Local\Temp




Periodic native trim disabled

---------------  S Y S T E M  ---------------

OS:
 Windows 11 , 64 bit Build 26100 (10.0.26100.8521)
OS uptime: 0 days 2:00 hours
Hyper-V role detected

CPU: total 4 (initial active 4) (2 cores per cpu, 2 threads per core) family 6 model 140 stepping 1 microcode 0xbe, cx8, cmov, fxsr, ht, mmx, 3dnowpref, sse, sse2, sse3, ssse3, sse4.1, sse4.2, popcnt, lzcnt, tsc, tscinvbit, avx, avx2, aes, erms, clmul, bmi1, bmi2, adx, avx512f, avx512dq, avx512cd, avx512bw, avx512vl, sha, fma, vzeroupper, avx512_vpopcntdq, avx512_vpclmulqdq, avx512_vaes, avx512_vnni, clflush, clflushopt, clwb, avx512_vbmi2, avx512_vbmi, hv, rdtscp, rdpid, fsrm, gfni, avx512_bitalg, f16c, cet_ibt, cet_ss, avx512_ifma
Processor Information for the first 4 processors :
  Max Mhz: 2995, Current Mhz: 2995, Mhz Limit: 2995

Memory: 4k page, system-wide physical 3818M (8M free)
TotalPageFile size 15594M (AvailPageFile size 0M)
current process WorkingSet (physical memory assigned to process): 42M, peak: 108M
current process commit charge ("private bytes"): 364M, peak: 380M

vm_info: OpenJDK 64-Bit Server VM (21.0.11+10-LTS) for windows-amd64 JRE (21.0.11+10-LTS), built on 2026-04-21T00:00:00Z by "admin" with MS VC++ 17.12 (VS2022)

END.
